<?xml version="1.0" encoding="UTF-8" ?>
<testsuite errors="0" failures="0" hostname="Travis-McGaheys-MacBook-Pro.local" name="jiraacc.CapabilityIntegrationTests" tests="4" time="0.124" timestamp="2013-07-03T03:15:39">
  <properties />
  <testcase classname="jiraacc.CapabilityIntegrationTests" name="CanSaveCapability" time="0.025" />
  <testcase classname="jiraacc.CapabilityIntegrationTests" name="CapabilityDescriptionCanNotBeNull" time="0.067" />
  <testcase classname="jiraacc.CapabilityIntegrationTests" name="CapabilityAttributeCanNotBeNull" time="0.014" />
  <testcase classname="jiraacc.CapabilityIntegrationTests" name="CapabilityComponentCanNotBeNull" time="0.014" />
  <system-out><![CDATA[--Output from CanSaveCapability--
--Output from CapabilityDescriptionCanNotBeNull--

Errors:
grails.validation.ValidationErrors: 1 errors
Field error in object 'jiraacc.Capability' on field 'description': rejected value [null]; codes [jiraacc.Capability.description.nullable.error.jiraacc.Capability.description,jiraacc.Capability.description.nullable.error.description,jiraacc.Capability.description.nullable.error.java.lang.String,jiraacc.Capability.description.nullable.error,capability.description.nullable.error.jiraacc.Capability.description,capability.description.nullable.error.description,capability.description.nullable.error.java.lang.String,capability.description.nullable.error,jiraacc.Capability.description.nullable.jiraacc.Capability.description,jiraacc.Capability.description.nullable.description,jiraacc.Capability.description.nullable.java.lang.String,jiraacc.Capability.description.nullable,capability.description.nullable.jiraacc.Capability.description,capability.description.nullable.description,capability.description.nullable.java.lang.String,capability.description.nullable,nullable.jiraacc.Capability.description,nullable.description,nullable.java.lang.String,nullable]; arguments [description,class jiraacc.Capability]; default message [Property [{0}] of class [{1}] cannot be null]

BadField:
Field error in object 'jiraacc.Capability' on field 'description': rejected value [null]; codes [jiraacc.Capability.description.nullable.error.jiraacc.Capability.description,jiraacc.Capability.description.nullable.error.description,jiraacc.Capability.description.nullable.error.java.lang.String,jiraacc.Capability.description.nullable.error,capability.description.nullable.error.jiraacc.Capability.description,capability.description.nullable.error.description,capability.description.nullable.error.java.lang.String,capability.description.nullable.error,jiraacc.Capability.description.nullable.jiraacc.Capability.description,jiraacc.Capability.description.nullable.description,jiraacc.Capability.description.nullable.java.lang.String,jiraacc.Capability.description.nullable,capability.description.nullable.jiraacc.Capability.description,capability.description.nullable.description,capability.description.nullable.java.lang.String,capability.description.nullable,nullable.jiraacc.Capability.description,nullable.description,nullable.java.lang.String,nullable]; arguments [description,class jiraacc.Capability]; default message [Property [{0}] of class [{1}] cannot be null]
--Output from CapabilityAttributeCanNotBeNull--

Errors:
grails.validation.ValidationErrors: 1 errors
Field error in object 'jiraacc.Capability' on field 'attribute': rejected value [null]; codes [jiraacc.Capability.attribute.nullable.error.jiraacc.Capability.attribute,jiraacc.Capability.attribute.nullable.error.attribute,jiraacc.Capability.attribute.nullable.error.jiraacc.Attribute,jiraacc.Capability.attribute.nullable.error,capability.attribute.nullable.error.jiraacc.Capability.attribute,capability.attribute.nullable.error.attribute,capability.attribute.nullable.error.jiraacc.Attribute,capability.attribute.nullable.error,jiraacc.Capability.attribute.nullable.jiraacc.Capability.attribute,jiraacc.Capability.attribute.nullable.attribute,jiraacc.Capability.attribute.nullable.jiraacc.Attribute,jiraacc.Capability.attribute.nullable,capability.attribute.nullable.jiraacc.Capability.attribute,capability.attribute.nullable.attribute,capability.attribute.nullable.jiraacc.Attribute,capability.attribute.nullable,nullable.jiraacc.Capability.attribute,nullable.attribute,nullable.jiraacc.Attribute,nullable]; arguments [attribute,class jiraacc.Capability]; default message [Property [{0}] of class [{1}] cannot be null]

BadField:
Field error in object 'jiraacc.Capability' on field 'attribute': rejected value [null]; codes [jiraacc.Capability.attribute.nullable.error.jiraacc.Capability.attribute,jiraacc.Capability.attribute.nullable.error.attribute,jiraacc.Capability.attribute.nullable.error.jiraacc.Attribute,jiraacc.Capability.attribute.nullable.error,capability.attribute.nullable.error.jiraacc.Capability.attribute,capability.attribute.nullable.error.attribute,capability.attribute.nullable.error.jiraacc.Attribute,capability.attribute.nullable.error,jiraacc.Capability.attribute.nullable.jiraacc.Capability.attribute,jiraacc.Capability.attribute.nullable.attribute,jiraacc.Capability.attribute.nullable.jiraacc.Attribute,jiraacc.Capability.attribute.nullable,capability.attribute.nullable.jiraacc.Capability.attribute,capability.attribute.nullable.attribute,capability.attribute.nullable.jiraacc.Attribute,capability.attribute.nullable,nullable.jiraacc.Capability.attribute,nullable.attribute,nullable.jiraacc.Attribute,nullable]; arguments [attribute,class jiraacc.Capability]; default message [Property [{0}] of class [{1}] cannot be null]
--Output from CapabilityComponentCanNotBeNull--

Errors:
grails.validation.ValidationErrors: 1 errors
Field error in object 'jiraacc.Capability' on field 'component': rejected value [null]; codes [jiraacc.Capability.component.nullable.error.jiraacc.Capability.component,jiraacc.Capability.component.nullable.error.component,jiraacc.Capability.component.nullable.error.jiraacc.Component,jiraacc.Capability.component.nullable.error,capability.component.nullable.error.jiraacc.Capability.component,capability.component.nullable.error.component,capability.component.nullable.error.jiraacc.Component,capability.component.nullable.error,jiraacc.Capability.component.nullable.jiraacc.Capability.component,jiraacc.Capability.component.nullable.component,jiraacc.Capability.component.nullable.jiraacc.Component,jiraacc.Capability.component.nullable,capability.component.nullable.jiraacc.Capability.component,capability.component.nullable.component,capability.component.nullable.jiraacc.Component,capability.component.nullable,nullable.jiraacc.Capability.component,nullable.component,nullable.jiraacc.Component,nullable]; arguments [component,class jiraacc.Capability]; default message [Property [{0}] of class [{1}] cannot be null]

BadField:
Field error in object 'jiraacc.Capability' on field 'component': rejected value [null]; codes [jiraacc.Capability.component.nullable.error.jiraacc.Capability.component,jiraacc.Capability.component.nullable.error.component,jiraacc.Capability.component.nullable.error.jiraacc.Component,jiraacc.Capability.component.nullable.error,capability.component.nullable.error.jiraacc.Capability.component,capability.component.nullable.error.component,capability.component.nullable.error.jiraacc.Component,capability.component.nullable.error,jiraacc.Capability.component.nullable.jiraacc.Capability.component,jiraacc.Capability.component.nullable.component,jiraacc.Capability.component.nullable.jiraacc.Component,jiraacc.Capability.component.nullable,capability.component.nullable.jiraacc.Capability.component,capability.component.nullable.component,capability.component.nullable.jiraacc.Component,capability.component.nullable,nullable.jiraacc.Capability.component,nullable.component,nullable.jiraacc.Component,nullable]; arguments [component,class jiraacc.Capability]; default message [Property [{0}] of class [{1}] cannot be null]
]]></system-out>
  <system-err><![CDATA[--Output from CanSaveCapability--
--Output from CapabilityDescriptionCanNotBeNull--
--Output from CapabilityAttributeCanNotBeNull--
--Output from CapabilityComponentCanNotBeNull--
]]></system-err>
</testsuite>
