<?xml version="1.0" encoding="UTF-8" ?>
<testsuite errors="0" failures="1" hostname="Travis-McGaheys-MacBook-Pro.local" name="jiraacc.CapabilityTests" tests="1" time="0.176" timestamp="2013-07-03T03:15:29">
  <properties />
  <testcase classname="jiraacc.CapabilityTests" name="testSomething" time="0.096">
    <failure message="junit.framework.AssertionFailedError: Implement me" type="junit.framework.AssertionFailedError">junit.framework.AssertionFailedError: junit.framework.AssertionFailedError: Implement me
	at jiraacc.CapabilityTests.testSomething(CapabilityTests.groovy:15)
</failure>
  </testcase>
  <system-out><![CDATA[--Output from testSomething--
]]></system-out>
  <system-err><![CDATA[--Output from testSomething--
]]></system-err>
</testsuite>
